<?xml version="1.0" encoding="UTF-8"?>
<!-- Generated by org.testng.reporters.JUnitXMLReporter -->
<testsuite ignored="0" hostname="C02HG5W5Q6L5" failures="2" tests="2" name="Test(failed)" time="38.655" errors="0" timestamp="2024-11-12T14:20:34 IST">
  <testcase classname="TestCases.TC_003_AccountLoginDataProvider" name="AccountloginTest" time="8.553">
    <failure type="java.lang.AssertionError" message="null">
      <![CDATA[java.lang.AssertionError: null
at TestCases.TC_003_AccountLoginDataProvider.AccountloginTest(TC_003_AccountLoginDataProvider.java:54)
at java.base/java.util.ArrayList.forEach(ArrayList.java:1511)
... Removed 29 stack frames]]>
    </failure>
  </testcase> <!-- AccountloginTest -->
  <testcase classname="TestCases.TC_003_AccountLoginDataProvider" name="AccountloginTest" time="12.422">
    <failure type="java.lang.AssertionError" message="null">
      <![CDATA[java.lang.AssertionError: null
at TestCases.TC_003_AccountLoginDataProvider.AccountloginTest(TC_003_AccountLoginDataProvider.java:54)
at java.base/java.util.ArrayList.forEach(ArrayList.java:1511)
... Removed 29 stack frames]]>
    </failure>
  </testcase> <!-- AccountloginTest -->
</testsuite> <!-- Test(failed) -->
