<?xml version="1.0" encoding="UTF-8"?>
<testng-results ignored="0" total="2" passed="2" failed="0" skipped="0">
  <reporter-output>
  </reporter-output>
  <suite started-at="2024-11-14T11:57:24 IST" name="Suite" finished-at="2024-11-14T11:58:22 IST" duration-ms="58334">
    <groups>
      <group name="Master">
        <method signature="TC_001_AccountRegistrationTest.Verify_AccountRegistration()[pri:0, instance:TestCases.TC_001_AccountRegistrationTest@28261e8e]" name="Verify_AccountRegistration" class="TestCases.TC_001_AccountRegistrationTest"/>
        <method signature="TC_002_AccountLoginTest.verifyAccountLogin()[pri:0, instance:TestCases.TC_002_AccountLoginTest@5afa3c9]" name="verifyAccountLogin" class="TestCases.TC_002_AccountLoginTest"/>
      </group> <!-- Master -->
      <group name="Regression">
        <method signature="TC_002_AccountLoginTest.verifyAccountLogin()[pri:0, instance:TestCases.TC_002_AccountLoginTest@5afa3c9]" name="verifyAccountLogin" class="TestCases.TC_002_AccountLoginTest"/>
      </group> <!-- Regression -->
      <group name="Smoke">
        <method signature="TC_001_AccountRegistrationTest.Verify_AccountRegistration()[pri:0, instance:TestCases.TC_001_AccountRegistrationTest@28261e8e]" name="Verify_AccountRegistration" class="TestCases.TC_001_AccountRegistrationTest"/>
      </group> <!-- Smoke -->
    </groups>
    <test started-at="2024-11-14T11:57:24 IST" name="Test" finished-at="2024-11-14T11:58:22 IST" duration-ms="58334">
      <class name="TestCases.TC_001_AccountRegistrationTest">
        <test-method is-config="true" signature="Setup(java.lang.String,java.lang.String)[pri:0, instance:TestCases.TC_001_AccountRegistrationTest@28261e8e]" started-at="2024-11-14T11:57:24 IST" name="Setup" finished-at="2024-11-14T11:57:43 IST" duration-ms="19063" status="PASS">
          <params>
            <param index="0">
              <value>
                <![CDATA[Mac]]>
              </value>
            </param>
            <param index="1">
              <value>
                <![CDATA[Chrome]]>
              </value>
            </param>
          </params>
          <reporter-output>
          </reporter-output>
        </test-method> <!-- Setup -->
        <test-method signature="Verify_AccountRegistration()[pri:0, instance:TestCases.TC_001_AccountRegistrationTest@28261e8e]" started-at="2024-11-14T11:57:43 IST" name="Verify_AccountRegistration" finished-at="2024-11-14T11:57:57 IST" duration-ms="13520" status="PASS">
          <reporter-output>
          </reporter-output>
        </test-method> <!-- Verify_AccountRegistration -->
        <test-method is-config="true" signature="TearDown()[pri:0, instance:TestCases.TC_001_AccountRegistrationTest@28261e8e]" started-at="2024-11-14T11:57:57 IST" name="TearDown" finished-at="2024-11-14T11:57:57 IST" duration-ms="240" status="PASS">
          <reporter-output>
          </reporter-output>
        </test-method> <!-- TearDown -->
      </class> <!-- TestCases.TC_001_AccountRegistrationTest -->
      <class name="TestCases.TC_002_AccountLoginTest">
        <test-method is-config="true" signature="Setup(java.lang.String,java.lang.String)[pri:0, instance:TestCases.TC_002_AccountLoginTest@5afa3c9]" started-at="2024-11-14T11:57:57 IST" name="Setup" finished-at="2024-11-14T11:58:09 IST" duration-ms="11922" status="PASS">
          <params>
            <param index="0">
              <value>
                <![CDATA[Mac]]>
              </value>
            </param>
            <param index="1">
              <value>
                <![CDATA[Chrome]]>
              </value>
            </param>
          </params>
          <reporter-output>
          </reporter-output>
        </test-method> <!-- Setup -->
        <test-method signature="verifyAccountLogin()[pri:0, instance:TestCases.TC_002_AccountLoginTest@5afa3c9]" started-at="2024-11-14T11:58:09 IST" name="verifyAccountLogin" finished-at="2024-11-14T11:58:22 IST" duration-ms="13200" status="PASS">
          <reporter-output>
          </reporter-output>
        </test-method> <!-- verifyAccountLogin -->
        <test-method is-config="true" signature="TearDown()[pri:0, instance:TestCases.TC_002_AccountLoginTest@5afa3c9]" started-at="2024-11-14T11:58:22 IST" name="TearDown" finished-at="2024-11-14T11:58:22 IST" duration-ms="178" status="PASS">
          <reporter-output>
          </reporter-output>
        </test-method> <!-- TearDown -->
      </class> <!-- TestCases.TC_002_AccountLoginTest -->
    </test> <!-- Test -->
  </suite> <!-- Suite -->
</testng-results>
