<?xml version="1.0" encoding="UTF-8"?>
<!-- Generated by org.testng.reporters.JUnitXMLReporter -->
<testsuite ignored="1" hostname="C02HG5W5Q6L5" failures="0" tests="1" name="Test" time="28.347" errors="0" timestamp="2024-11-12T11:11:27 IST">
  <testcase classname="TestCases.TC_001_AccountRegistrationTest" name="Verify_AccountRegistration" time="14.023"/>
  <testcase classname="TestCases.TC_002_AccountLoginTest" name="verifyAccountLogin" time="0.0">
    <ignored/>
  </testcase> <!-- verifyAccountLogin -->
</testsuite> <!-- Test -->
